07:23:09.965 [Forwarding newSession on session null to remote] DEBUG io.netty.util.NetUtil - Failed to get SOMAXCONN from sysctl and file \proc\sys\net\core\somaxconn. Default: 200
07:23:10.298 [Forwarding newSession on session null to remote] DEBUG io.netty.channel.DefaultChannelId - -Dio.netty.machineId: 7c:67:a2:ff:fe:63:71:fd (auto-detected)
07:23:10.373 [AsyncHttpClient-1-2] DEBUG io.netty.buffer.AbstractByteBuf - -Dio.netty.buffer.checkAccessible: true
07:23:10.374 [AsyncHttpClient-1-2] DEBUG io.netty.buffer.AbstractByteBuf - -Dio.netty.buffer.checkBounds: true
07:23:10.374 [AsyncHttpClient-1-2] DEBUG io.netty.util.ResourceLeakDetectorFactory - Loaded default ResourceLeakDetector: io.netty.util.ResourceLeakDetector@7f98ec52
07:23:10.409 [AsyncHttpClient-1-2] DEBUG io.netty.util.Recycler - -Dio.netty.recycler.maxCapacityPerThread: 4096
07:23:10.409 [AsyncHttpClient-1-2] DEBUG io.netty.util.Recycler - -Dio.netty.recycler.maxSharedCapacityFactor: 2
07:23:10.409 [AsyncHttpClient-1-2] DEBUG io.netty.util.Recycler - -Dio.netty.recycler.linkCapacity: 16
07:23:10.410 [AsyncHttpClient-1-2] DEBUG io.netty.util.Recycler - -Dio.netty.recycler.ratio: 8
07:23:10.410 [AsyncHttpClient-1-2] DEBUG io.netty.util.Recycler - -Dio.netty.recycler.delayedQueue.ratio: 8
07:23:12.456 [TestNG-tests-1] DEBUG io.netty.util.internal.ThreadLocalRandom - -Dio.netty.initialSeedUniquifier: 0x0977440c688a1065
07:23:12.502 [TestNG-tests-1] INFO  testCases.TC_001_AccountRegistration - Launched chrome Browser
07:23:12.524 [TestNG-tests-1] INFO  testCases.TC_001_AccountRegistration - Strating TC_001_AccountRegistration
07:23:16.058 [TestNG-tests-1] INFO  testCases.TC_001_AccountRegistration - Home Page Displayed 
07:23:16.845 [TestNG-tests-1] INFO  testCases.TC_001_AccountRegistration - Clicked on My Account 
07:23:20.862 [TestNG-tests-1] INFO  testCases.TC_001_AccountRegistration - Clicked on Register 
07:23:21.014 [TestNG-tests-1] INFO  testCases.TC_001_AccountRegistration - Provided First Name 
07:23:21.148 [TestNG-tests-1] INFO  testCases.TC_001_AccountRegistration - Provided Last Name 
07:23:21.285 [TestNG-tests-1] INFO  testCases.TC_001_AccountRegistration - Provided Email 
07:23:21.382 [TestNG-tests-1] INFO  testCases.TC_001_AccountRegistration - Provided Telephone 
07:23:21.479 [TestNG-tests-1] INFO  testCases.TC_001_AccountRegistration - Provided Password 
07:23:21.578 [TestNG-tests-1] INFO  testCases.TC_001_AccountRegistration - Provided Confrmed Password 
07:23:21.684 [TestNG-tests-1] INFO  testCases.TC_001_AccountRegistration - Set Privacy Policy 
07:23:24.725 [TestNG-tests-1] INFO  testCases.TC_001_AccountRegistration - Clicked on Continue 
07:23:29.769 [TestNG-tests-1] INFO  testCases.TC_001_AccountRegistration - Account Registration Success 
07:23:29.772 [TestNG-tests-1] INFO  testCases.TC_001_AccountRegistration - Finished TC_001_AccountRegistration
07:23:29.794 [AsyncHttpClient-1-4] TRACE io.netty.handler.codec.http.websocketx.WebSocket08FrameEncoder - Encoding WebSocket Frame opCode=8 length=26
07:23:33.100 [TestNG-tests-1] INFO  testCases.TC_002_Login - Launched chrome Browser
07:23:33.103 [TestNG-tests-1] INFO  testCases.TC_002_Login -  Starting TC_002_Login 
07:23:36.529 [TestNG-tests-1] INFO  testCases.TC_002_Login - Home Page Displayed 
07:23:36.829 [TestNG-tests-1] INFO  testCases.TC_002_Login - Clicked on My Account 
07:23:39.474 [TestNG-tests-1] INFO  testCases.TC_002_Login - Clicked on Login 
07:23:39.617 [TestNG-tests-1] INFO  testCases.TC_002_Login - Provided Email 
07:23:39.751 [TestNG-tests-1] INFO  testCases.TC_002_Login - Provided Password 
07:23:42.809 [TestNG-tests-1] INFO  testCases.TC_002_Login - Clicked on Login
07:23:47.874 [TestNG-tests-1] INFO  testCases.TC_002_Login - Login Success 
07:23:47.875 [TestNG-tests-1] INFO  testCases.TC_002_Login -  Finished TC_002_Login 
07:23:47.876 [AsyncHttpClient-1-7] TRACE io.netty.handler.codec.http.websocketx.WebSocket08FrameEncoder - Encoding WebSocket Frame opCode=8 length=26
07:23:50.343 [AsyncHttpClient-1-2] DEBUG io.netty.buffer.PoolThreadCache - Freed 25 thread-local buffer(s) from thread: AsyncHttpClient-1-2
07:23:50.343 [AsyncHttpClient-1-3] DEBUG io.netty.buffer.PoolThreadCache - Freed 2 thread-local buffer(s) from thread: AsyncHttpClient-1-3
07:23:50.344 [AsyncHttpClient-1-4] DEBUG io.netty.buffer.PoolThreadCache - Freed 4 thread-local buffer(s) from thread: AsyncHttpClient-1-4
07:23:50.344 [AsyncHttpClient-1-6] DEBUG io.netty.buffer.PoolThreadCache - Freed 2 thread-local buffer(s) from thread: AsyncHttpClient-1-6
07:23:50.344 [AsyncHttpClient-1-7] DEBUG io.netty.buffer.PoolThreadCache - Freed 4 thread-local buffer(s) from thread: AsyncHttpClient-1-7
12:57:52.929 [TestNG-tests-1] DEBUG io.netty.util.internal.logging.InternalLoggerFactory - Using Log4J2 as the default logging framework
12:57:52.940 [TestNG-tests-1] DEBUG io.netty.util.ResourceLeakDetector - -Dio.netty.leakDetection.level: simple
12:57:52.940 [TestNG-tests-1] DEBUG io.netty.util.ResourceLeakDetector - -Dio.netty.leakDetection.targetRecords: 4
12:57:52.947 [TestNG-tests-1] DEBUG io.netty.util.ResourceLeakDetectorFactory - Loaded default ResourceLeakDetector: io.netty.util.ResourceLeakDetector@48020625
12:57:52.970 [TestNG-tests-1] DEBUG io.netty.util.internal.PlatformDependent0 - -Dio.netty.noUnsafe: false
12:57:52.970 [TestNG-tests-1] DEBUG io.netty.util.internal.PlatformDependent0 - Java version: 17
12:57:52.971 [TestNG-tests-1] DEBUG io.netty.util.internal.PlatformDependent0 - sun.misc.Unsafe.theUnsafe: available
12:57:52.972 [TestNG-tests-1] DEBUG io.netty.util.internal.PlatformDependent0 - sun.misc.Unsafe.copyMemory: available
12:57:52.973 [TestNG-tests-1] DEBUG io.netty.util.internal.PlatformDependent0 - java.nio.Buffer.address: available
12:57:52.973 [TestNG-tests-1] DEBUG io.netty.util.internal.PlatformDependent0 - direct buffer constructor: unavailable
java.lang.UnsupportedOperationException: Reflective setAccessible(true) disabled
	at io.netty.util.internal.ReflectionUtil.trySetAccessible(ReflectionUtil.java:31) ~[netty-common-4.1.76.Final.jar:4.1.76.Final]
	at io.netty.util.internal.PlatformDependent0$4.run(PlatformDependent0.java:253) ~[netty-common-4.1.76.Final.jar:4.1.76.Final]
	at java.security.AccessController.doPrivileged(AccessController.java:318) ~[?:?]
	at io.netty.util.internal.PlatformDependent0.<clinit>(PlatformDependent0.java:247) ~[netty-common-4.1.76.Final.jar:4.1.76.Final]
	at io.netty.util.internal.PlatformDependent.isAndroid(PlatformDependent.java:294) ~[netty-common-4.1.76.Final.jar:4.1.76.Final]
	at io.netty.util.internal.PlatformDependent.<clinit>(PlatformDependent.java:88) ~[netty-common-4.1.76.Final.jar:4.1.76.Final]
	at io.netty.util.HashedWheelTimer.<init>(HashedWheelTimer.java:114) ~[netty-common-4.1.76.Final.jar:4.1.76.Final]
	at io.netty.util.HashedWheelTimer.<init>(HashedWheelTimer.java:251) ~[netty-common-4.1.76.Final.jar:4.1.76.Final]
	at io.netty.util.HashedWheelTimer.<init>(HashedWheelTimer.java:224) ~[netty-common-4.1.76.Final.jar:4.1.76.Final]
	at io.netty.util.HashedWheelTimer.<init>(HashedWheelTimer.java:203) ~[netty-common-4.1.76.Final.jar:4.1.76.Final]
	at org.asynchttpclient.DefaultAsyncHttpClient.newNettyTimer(DefaultAsyncHttpClient.java:111) ~[async-http-client-2.12.3.jar:?]
	at org.asynchttpclient.DefaultAsyncHttpClient.<init>(DefaultAsyncHttpClient.java:90) ~[async-http-client-2.12.3.jar:?]
	at org.asynchttpclient.Dsl.asyncHttpClient(Dsl.java:32) ~[async-http-client-2.12.3.jar:?]
	at org.openqa.selenium.remote.http.netty.NettyClient.createHttpClient(NettyClient.java:92) ~[selenium-remote-driver-4.1.4.jar:?]
	at org.openqa.selenium.remote.http.netty.NettyClient.<clinit>(NettyClient.java:47) ~[selenium-remote-driver-4.1.4.jar:?]
	at org.openqa.selenium.remote.http.netty.NettyClient$Factory.createClient(NettyClient.java:133) ~[selenium-remote-driver-4.1.4.jar:?]
	at org.openqa.selenium.remote.HttpCommandExecutor.<init>(HttpCommandExecutor.java:107) ~[selenium-remote-driver-4.1.4.jar:?]
	at org.openqa.selenium.remote.HttpCommandExecutor.<init>(HttpCommandExecutor.java:94) ~[selenium-remote-driver-4.1.4.jar:?]
	at org.openqa.selenium.remote.HttpCommandExecutor.<init>(HttpCommandExecutor.java:85) ~[selenium-remote-driver-4.1.4.jar:?]
	at org.openqa.selenium.remote.service.DriverCommandExecutor.<init>(DriverCommandExecutor.java:80) ~[selenium-remote-driver-4.1.4.jar:?]
	at org.openqa.selenium.chromium.ChromiumDriverCommandExecutor.<init>(ChromiumDriverCommandExecutor.java:35) ~[selenium-chromium-driver-4.1.4.jar:?]
	at org.openqa.selenium.chrome.ChromeDriver$ChromeDriverCommandExecutor.<init>(ChromeDriver.java:118) ~[selenium-chrome-driver-4.1.4.jar:?]
	at org.openqa.selenium.chrome.ChromeDriver.<init>(ChromeDriver.java:106) ~[selenium-chrome-driver-4.1.4.jar:?]
	at org.openqa.selenium.chrome.ChromeDriver.<init>(ChromeDriver.java:93) ~[selenium-chrome-driver-4.1.4.jar:?]
	at org.openqa.selenium.chrome.ChromeDriver.<init>(ChromeDriver.java:48) ~[selenium-chrome-driver-4.1.4.jar:?]
	at testBase.BaseClass.setup(BaseClass.java:42) ~[test-classes/:?]
	at jdk.internal.reflect.NativeMethodAccessorImpl.invoke0(Native Method) ~[?:?]
	at jdk.internal.reflect.NativeMethodAccessorImpl.invoke(NativeMethodAccessorImpl.java:77) ~[?:?]
	at jdk.internal.reflect.DelegatingMethodAccessorImpl.invoke(DelegatingMethodAccessorImpl.java:43) ~[?:?]
	at java.lang.reflect.Method.invoke(Method.java:568) ~[?:?]
	at org.testng.internal.invokers.MethodInvocationHelper.invokeMethod(MethodInvocationHelper.java:135) ~[testng-7.5.jar:7.5]
	at org.testng.internal.invokers.MethodInvocationHelper.invokeMethodConsideringTimeout(MethodInvocationHelper.java:65) ~[testng-7.5.jar:7.5]
	at org.testng.internal.invokers.ConfigInvoker.invokeConfigurationMethod(ConfigInvoker.java:381) ~[testng-7.5.jar:7.5]
	at org.testng.internal.invokers.ConfigInvoker.invokeConfigurations(ConfigInvoker.java:319) ~[testng-7.5.jar:7.5]
	at org.testng.internal.invokers.TestMethodWorker.invokeBeforeClassMethods(TestMethodWorker.java:178) ~[testng-7.5.jar:7.5]
	at org.testng.internal.invokers.TestMethodWorker.run(TestMethodWorker.java:122) ~[testng-7.5.jar:7.5]
	at java.util.ArrayList.forEach(ArrayList.java:1511) ~[?:?]
	at org.testng.TestRunner.privateRun(TestRunner.java:808) ~[testng-7.5.jar:7.5]
	at org.testng.TestRunner.run(TestRunner.java:603) ~[testng-7.5.jar:7.5]
	at org.testng.SuiteRunner.runTest(SuiteRunner.java:429) ~[testng-7.5.jar:7.5]
	at org.testng.SuiteRunner.access$000(SuiteRunner.java:32) ~[testng-7.5.jar:7.5]
	at org.testng.SuiteRunner$SuiteWorker.run(SuiteRunner.java:467) ~[testng-7.5.jar:7.5]
	at org.testng.internal.thread.ThreadUtil.lambda$execute$0(ThreadUtil.java:58) ~[testng-7.5.jar:7.5]
	at java.util.concurrent.FutureTask.run(FutureTask.java:264) ~[?:?]
	at java.util.concurrent.ThreadPoolExecutor.runWorker(ThreadPoolExecutor.java:1136) ~[?:?]
	at java.util.concurrent.ThreadPoolExecutor$Worker.run(ThreadPoolExecutor.java:635) ~[?:?]
	at java.lang.Thread.run(Thread.java:833) ~[?:?]
12:57:52.983 [TestNG-tests-1] DEBUG io.netty.util.internal.PlatformDependent0 - java.nio.Bits.unaligned: available, true
12:57:52.984 [TestNG-tests-1] DEBUG io.netty.util.internal.PlatformDependent0 - jdk.internal.misc.Unsafe.allocateUninitializedArray(int): unavailable
java.lang.IllegalAccessException: class io.netty.util.internal.PlatformDependent0$6 cannot access class jdk.internal.misc.Unsafe (in module java.base) because module java.base does not export jdk.internal.misc to unnamed module @60c6f5b
	at jdk.internal.reflect.Reflection.newIllegalAccessException(Reflection.java:392) ~[?:?]
	at java.lang.reflect.AccessibleObject.checkAccess(AccessibleObject.java:674) ~[?:?]
	at java.lang.reflect.Method.invoke(Method.java:560) ~[?:?]
	at io.netty.util.internal.PlatformDependent0$6.run(PlatformDependent0.java:375) ~[netty-common-4.1.76.Final.jar:4.1.76.Final]
	at java.security.AccessController.doPrivileged(AccessController.java:318) ~[?:?]
	at io.netty.util.internal.PlatformDependent0.<clinit>(PlatformDependent0.java:366) ~[netty-common-4.1.76.Final.jar:4.1.76.Final]
	at io.netty.util.internal.PlatformDependent.isAndroid(PlatformDependent.java:294) ~[netty-common-4.1.76.Final.jar:4.1.76.Final]
	at io.netty.util.internal.PlatformDependent.<clinit>(PlatformDependent.java:88) ~[netty-common-4.1.76.Final.jar:4.1.76.Final]
	at io.netty.util.HashedWheelTimer.<init>(HashedWheelTimer.java:114) ~[netty-common-4.1.76.Final.jar:4.1.76.Final]
	at io.netty.util.HashedWheelTimer.<init>(HashedWheelTimer.java:251) ~[netty-common-4.1.76.Final.jar:4.1.76.Final]
	at io.netty.util.HashedWheelTimer.<init>(HashedWheelTimer.java:224) ~[netty-common-4.1.76.Final.jar:4.1.76.Final]
	at io.netty.util.HashedWheelTimer.<init>(HashedWheelTimer.java:203) ~[netty-common-4.1.76.Final.jar:4.1.76.Final]
	at org.asynchttpclient.DefaultAsyncHttpClient.newNettyTimer(DefaultAsyncHttpClient.java:111) ~[async-http-client-2.12.3.jar:?]
	at org.asynchttpclient.DefaultAsyncHttpClient.<init>(DefaultAsyncHttpClient.java:90) ~[async-http-client-2.12.3.jar:?]
	at org.asynchttpclient.Dsl.asyncHttpClient(Dsl.java:32) ~[async-http-client-2.12.3.jar:?]
	at org.openqa.selenium.remote.http.netty.NettyClient.createHttpClient(NettyClient.java:92) ~[selenium-remote-driver-4.1.4.jar:?]
	at org.openqa.selenium.remote.http.netty.NettyClient.<clinit>(NettyClient.java:47) ~[selenium-remote-driver-4.1.4.jar:?]
	at org.openqa.selenium.remote.http.netty.NettyClient$Factory.createClient(NettyClient.java:133) ~[selenium-remote-driver-4.1.4.jar:?]
	at org.openqa.selenium.remote.HttpCommandExecutor.<init>(HttpCommandExecutor.java:107) ~[selenium-remote-driver-4.1.4.jar:?]
	at org.openqa.selenium.remote.HttpCommandExecutor.<init>(HttpCommandExecutor.java:94) ~[selenium-remote-driver-4.1.4.jar:?]
	at org.openqa.selenium.remote.HttpCommandExecutor.<init>(HttpCommandExecutor.java:85) ~[selenium-remote-driver-4.1.4.jar:?]
	at org.openqa.selenium.remote.service.DriverCommandExecutor.<init>(DriverCommandExecutor.java:80) ~[selenium-remote-driver-4.1.4.jar:?]
	at org.openqa.selenium.chromium.ChromiumDriverCommandExecutor.<init>(ChromiumDriverCommandExecutor.java:35) ~[selenium-chromium-driver-4.1.4.jar:?]
	at org.openqa.selenium.chrome.ChromeDriver$ChromeDriverCommandExecutor.<init>(ChromeDriver.java:118) ~[selenium-chrome-driver-4.1.4.jar:?]
	at org.openqa.selenium.chrome.ChromeDriver.<init>(ChromeDriver.java:106) ~[selenium-chrome-driver-4.1.4.jar:?]
	at org.openqa.selenium.chrome.ChromeDriver.<init>(ChromeDriver.java:93) ~[selenium-chrome-driver-4.1.4.jar:?]
	at org.openqa.selenium.chrome.ChromeDriver.<init>(ChromeDriver.java:48) ~[selenium-chrome-driver-4.1.4.jar:?]
	at testBase.BaseClass.setup(BaseClass.java:42) ~[test-classes/:?]
	at jdk.internal.reflect.NativeMethodAccessorImpl.invoke0(Native Method) ~[?:?]
	at jdk.internal.reflect.NativeMethodAccessorImpl.invoke(NativeMethodAccessorImpl.java:77) ~[?:?]
	at jdk.internal.reflect.DelegatingMethodAccessorImpl.invoke(DelegatingMethodAccessorImpl.java:43) ~[?:?]
	at java.lang.reflect.Method.invoke(Method.java:568) ~[?:?]
	at org.testng.internal.invokers.MethodInvocationHelper.invokeMethod(MethodInvocationHelper.java:135) ~[testng-7.5.jar:7.5]
	at org.testng.internal.invokers.MethodInvocationHelper.invokeMethodConsideringTimeout(MethodInvocationHelper.java:65) ~[testng-7.5.jar:7.5]
	at org.testng.internal.invokers.ConfigInvoker.invokeConfigurationMethod(ConfigInvoker.java:381) ~[testng-7.5.jar:7.5]
	at org.testng.internal.invokers.ConfigInvoker.invokeConfigurations(ConfigInvoker.java:319) ~[testng-7.5.jar:7.5]
	at org.testng.internal.invokers.TestMethodWorker.invokeBeforeClassMethods(TestMethodWorker.java:178) ~[testng-7.5.jar:7.5]
	at org.testng.internal.invokers.TestMethodWorker.run(TestMethodWorker.java:122) ~[testng-7.5.jar:7.5]
	at java.util.ArrayList.forEach(ArrayList.java:1511) ~[?:?]
	at org.testng.TestRunner.privateRun(TestRunner.java:808) ~[testng-7.5.jar:7.5]
	at org.testng.TestRunner.run(TestRunner.java:603) ~[testng-7.5.jar:7.5]
	at org.testng.SuiteRunner.runTest(SuiteRunner.java:429) ~[testng-7.5.jar:7.5]
	at org.testng.SuiteRunner.access$000(SuiteRunner.java:32) ~[testng-7.5.jar:7.5]
	at org.testng.SuiteRunner$SuiteWorker.run(SuiteRunner.java:467) ~[testng-7.5.jar:7.5]
	at org.testng.internal.thread.ThreadUtil.lambda$execute$0(ThreadUtil.java:58) ~[testng-7.5.jar:7.5]
	at java.util.concurrent.FutureTask.run(FutureTask.java:264) ~[?:?]
	at java.util.concurrent.ThreadPoolExecutor.runWorker(ThreadPoolExecutor.java:1136) ~[?:?]
	at java.util.concurrent.ThreadPoolExecutor$Worker.run(ThreadPoolExecutor.java:635) ~[?:?]
	at java.lang.Thread.run(Thread.java:833) ~[?:?]
12:57:52.989 [TestNG-tests-1] DEBUG io.netty.util.internal.PlatformDependent0 - java.nio.DirectByteBuffer.<init>(long, int): unavailable
12:57:52.989 [TestNG-tests-1] DEBUG io.netty.util.internal.PlatformDependent - sun.misc.Unsafe: available
12:57:52.990 [TestNG-tests-1] DEBUG io.netty.util.internal.PlatformDependent - maxDirectMemory: 1610612736 bytes (maybe)
12:57:52.991 [TestNG-tests-1] DEBUG io.netty.util.internal.PlatformDependent - -Dio.netty.tmpdir: C:\Users\pavan\AppData\Local\Temp (java.io.tmpdir)
12:57:52.991 [TestNG-tests-1] DEBUG io.netty.util.internal.PlatformDependent - -Dio.netty.bitMode: 64 (sun.arch.data.model)
12:57:52.991 [TestNG-tests-1] DEBUG io.netty.util.internal.PlatformDependent - Platform: Windows
12:57:52.992 [TestNG-tests-1] DEBUG io.netty.util.internal.PlatformDependent - -Dio.netty.maxDirectMemory: -1 bytes
12:57:52.993 [TestNG-tests-1] DEBUG io.netty.util.internal.PlatformDependent - -Dio.netty.uninitializedArrayAllocationThreshold: -1
12:57:52.994 [TestNG-tests-1] DEBUG io.netty.util.internal.CleanerJava9 - java.nio.ByteBuffer.cleaner(): available
12:57:52.995 [TestNG-tests-1] DEBUG io.netty.util.internal.PlatformDependent - -Dio.netty.noPreferDirect: false
12:57:53.006 [TestNG-tests-1] DEBUG io.netty.util.internal.PlatformDependent - org.jctools-core.MpscChunkedArrayQueue: available
12:57:53.027 [TestNG-tests-1] DEBUG io.netty.util.internal.InternalThreadLocalMap - -Dio.netty.threadLocalMap.stringBuilder.initialSize: 1024
12:57:53.029 [TestNG-tests-1] DEBUG io.netty.util.internal.InternalThreadLocalMap - -Dio.netty.threadLocalMap.stringBuilder.maxSize: 4096
12:57:53.110 [TestNG-tests-1] DEBUG io.netty.handler.ssl.JdkSslContext - Default protocols (JDK): [TLSv1.3, TLSv1.2] 
12:57:53.110 [TestNG-tests-1] DEBUG io.netty.handler.ssl.JdkSslContext - Default cipher suites (JDK): [TLS_ECDHE_ECDSA_WITH_AES_256_GCM_SHA384, TLS_ECDHE_ECDSA_WITH_AES_128_GCM_SHA256, TLS_ECDHE_RSA_WITH_AES_128_GCM_SHA256, TLS_ECDHE_RSA_WITH_AES_256_GCM_SHA384, TLS_ECDHE_RSA_WITH_AES_128_CBC_SHA, TLS_ECDHE_RSA_WITH_AES_256_CBC_SHA, TLS_RSA_WITH_AES_128_GCM_SHA256, TLS_RSA_WITH_AES_128_CBC_SHA, TLS_RSA_WITH_AES_256_CBC_SHA, TLS_AES_128_GCM_SHA256, TLS_AES_256_GCM_SHA384]
12:57:53.151 [TestNG-tests-1] DEBUG io.netty.channel.MultithreadEventLoopGroup - -Dio.netty.eventLoopThreads: 8
12:57:53.164 [TestNG-tests-1] DEBUG io.netty.channel.nio.NioEventLoop - -Dio.netty.noKeySetOptimization: false
12:57:53.165 [TestNG-tests-1] DEBUG io.netty.channel.nio.NioEventLoop - -Dio.netty.selectorAutoRebuildThreshold: 512
12:57:53.183 [TestNG-tests-1] TRACE io.netty.channel.nio.NioEventLoop - instrumented a special java.util.Set into: sun.nio.ch.WEPollSelectorImpl@569e462e
12:57:53.185 [TestNG-tests-1] TRACE io.netty.channel.nio.NioEventLoop - instrumented a special java.util.Set into: sun.nio.ch.WEPollSelectorImpl@1613b2a5
12:57:53.186 [TestNG-tests-1] TRACE io.netty.channel.nio.NioEventLoop - instrumented a special java.util.Set into: sun.nio.ch.WEPollSelectorImpl@4ab4a164
12:57:53.187 [TestNG-tests-1] TRACE io.netty.channel.nio.NioEventLoop - instrumented a special java.util.Set into: sun.nio.ch.WEPollSelectorImpl@ff43b22
12:57:53.189 [TestNG-tests-1] TRACE io.netty.channel.nio.NioEventLoop - instrumented a special java.util.Set into: sun.nio.ch.WEPollSelectorImpl@32e776b6
12:57:53.190 [TestNG-tests-1] TRACE io.netty.channel.nio.NioEventLoop - instrumented a special java.util.Set into: sun.nio.ch.WEPollSelectorImpl@39ea6cd5
12:57:53.191 [TestNG-tests-1] TRACE io.netty.channel.nio.NioEventLoop - instrumented a special java.util.Set into: sun.nio.ch.WEPollSelectorImpl@563a450d
12:57:53.193 [TestNG-tests-1] TRACE io.netty.channel.nio.NioEventLoop - instrumented a special java.util.Set into: sun.nio.ch.WEPollSelectorImpl@78b959c3
12:57:53.216 [TestNG-tests-1] DEBUG io.netty.buffer.PooledByteBufAllocator - -Dio.netty.allocator.numHeapArenas: 8
12:57:53.217 [TestNG-tests-1] DEBUG io.netty.buffer.PooledByteBufAllocator - -Dio.netty.allocator.numDirectArenas: 8
12:57:53.217 [TestNG-tests-1] DEBUG io.netty.buffer.PooledByteBufAllocator - -Dio.netty.allocator.pageSize: 8192
12:57:53.217 [TestNG-tests-1] DEBUG io.netty.buffer.PooledByteBufAllocator - -Dio.netty.allocator.maxOrder: 9
12:57:53.217 [TestNG-tests-1] DEBUG io.netty.buffer.PooledByteBufAllocator - -Dio.netty.allocator.chunkSize: 4194304
12:57:53.217 [TestNG-tests-1] DEBUG io.netty.buffer.PooledByteBufAllocator - -Dio.netty.allocator.smallCacheSize: 256
12:57:53.217 [TestNG-tests-1] DEBUG io.netty.buffer.PooledByteBufAllocator - -Dio.netty.allocator.normalCacheSize: 64
12:57:53.218 [TestNG-tests-1] DEBUG io.netty.buffer.PooledByteBufAllocator - -Dio.netty.allocator.maxCachedBufferCapacity: 32768
12:57:53.218 [TestNG-tests-1] DEBUG io.netty.buffer.PooledByteBufAllocator - -Dio.netty.allocator.cacheTrimInterval: 8192
12:57:53.218 [TestNG-tests-1] DEBUG io.netty.buffer.PooledByteBufAllocator - -Dio.netty.allocator.cacheTrimIntervalMillis: 0
12:57:53.218 [TestNG-tests-1] DEBUG io.netty.buffer.PooledByteBufAllocator - -Dio.netty.allocator.useCacheForAllThreads: false
12:57:53.218 [TestNG-tests-1] DEBUG io.netty.buffer.PooledByteBufAllocator - -Dio.netty.allocator.maxCachedByteBuffersPerChunk: 1023
12:57:53.230 [TestNG-tests-1] DEBUG io.netty.buffer.ByteBufUtil - -Dio.netty.allocator.type: pooled
12:57:53.231 [TestNG-tests-1] DEBUG io.netty.buffer.ByteBufUtil - -Dio.netty.threadLocalDirectBufferSize: 0
12:57:53.231 [TestNG-tests-1] DEBUG io.netty.buffer.ByteBufUtil - -Dio.netty.maxThreadLocalCharBufferSize: 16384
12:57:53.748 [Forwarding newSession on session null to remote] DEBUG io.netty.channel.DefaultChannelId - -Dio.netty.processId: 10536 (auto-detected)
12:57:53.750 [Forwarding newSession on session null to remote] DEBUG io.netty.util.NetUtil - -Djava.net.preferIPv4Stack: false
12:57:53.751 [Forwarding newSession on session null to remote] DEBUG io.netty.util.NetUtil - -Djava.net.preferIPv6Addresses: false
12:57:53.755 [Forwarding newSession on session null to remote] DEBUG io.netty.util.NetUtilInitializations - Loopback interface: lo (Software Loopback Interface 1, 127.0.0.1)
12:57:53.756 [Forwarding newSession on session null to remote] DEBUG io.netty.util.NetUtil - Failed to get SOMAXCONN from sysctl and file \proc\sys\net\core\somaxconn. Default: 200
12:57:53.760 [Forwarding newSession on session null to remote] DEBUG io.netty.channel.DefaultChannelId - -Dio.netty.machineId: 00:1c:42:ff:fe:5c:a4:7a (auto-detected)
12:57:53.823 [AsyncHttpClient-1-2] DEBUG io.netty.buffer.AbstractByteBuf - -Dio.netty.buffer.checkAccessible: true
12:57:53.824 [AsyncHttpClient-1-2] DEBUG io.netty.buffer.AbstractByteBuf - -Dio.netty.buffer.checkBounds: true
12:57:53.824 [AsyncHttpClient-1-2] DEBUG io.netty.util.ResourceLeakDetectorFactory - Loaded default ResourceLeakDetector: io.netty.util.ResourceLeakDetector@3ca184cd
12:57:53.851 [AsyncHttpClient-1-2] DEBUG io.netty.util.Recycler - -Dio.netty.recycler.maxCapacityPerThread: 4096
12:57:53.852 [AsyncHttpClient-1-2] DEBUG io.netty.util.Recycler - -Dio.netty.recycler.ratio: 8
12:57:53.852 [AsyncHttpClient-1-2] DEBUG io.netty.util.Recycler - -Dio.netty.recycler.chunkSize: 32
12:57:53.852 [AsyncHttpClient-1-2] DEBUG io.netty.util.Recycler - -Dio.netty.recycler.blocking: false
12:57:54.851 [AsyncHttpClient-1-2] DEBUG io.netty.handler.codec.compression.Brotli - brotli4j not in the classpath; Brotli support will be unavailable.
12:57:55.064 [TestNG-tests-1] DEBUG io.netty.util.internal.ThreadLocalRandom - -Dio.netty.initialSeedUniquifier: 0x06259795d3c37829
12:57:55.144 [TestNG-tests-1] INFO  testCases.TC_001_AccountRegistration - Launched chrome Browser
12:57:55.194 [TestNG-tests-1] INFO  testCases.TC_001_AccountRegistration - Strating TC_001_AccountRegistration
12:57:55.948 [TestNG-tests-1] INFO  testCases.TC_001_AccountRegistration - Home Page Displayed 
12:57:56.380 [TestNG-tests-1] INFO  testCases.TC_001_AccountRegistration - Clicked on My Account 
12:57:57.087 [TestNG-tests-1] INFO  testCases.TC_001_AccountRegistration - Clicked on Register 
12:57:57.250 [TestNG-tests-1] INFO  testCases.TC_001_AccountRegistration - Provided First Name 
12:57:57.376 [TestNG-tests-1] INFO  testCases.TC_001_AccountRegistration - Provided Last Name 
12:57:57.504 [TestNG-tests-1] INFO  testCases.TC_001_AccountRegistration - Provided Email 
12:57:57.623 [TestNG-tests-1] INFO  testCases.TC_001_AccountRegistration - Provided Telephone 
12:57:57.741 [TestNG-tests-1] INFO  testCases.TC_001_AccountRegistration - Provided Password 
12:57:57.902 [TestNG-tests-1] INFO  testCases.TC_001_AccountRegistration - Provided Confrmed Password 
12:57:57.997 [TestNG-tests-1] INFO  testCases.TC_001_AccountRegistration - Set Privacy Policy 
12:58:00.649 [TestNG-tests-1] INFO  testCases.TC_001_AccountRegistration - Clicked on Continue 
12:58:05.705 [TestNG-tests-1] INFO  testCases.TC_001_AccountRegistration - Account Registration Success 
12:58:05.705 [TestNG-tests-1] INFO  testCases.TC_001_AccountRegistration - Finished TC_001_AccountRegistration
12:58:05.737 [AsyncHttpClient-1-4] TRACE io.netty.handler.codec.http.websocketx.WebSocket08FrameEncoder - Encoding WebSocket Frame opCode=8 length=26
12:58:07.119 [TestNG-tests-1] INFO  testCases.TC_002_Login - Launched chrome Browser
12:58:07.124 [TestNG-tests-1] INFO  testCases.TC_002_Login -  Starting TC_002_Login 
12:58:07.715 [TestNG-tests-1] INFO  testCases.TC_002_Login - Home Page Displayed 
12:58:08.070 [TestNG-tests-1] INFO  testCases.TC_002_Login - Clicked on My Account 
12:58:08.515 [TestNG-tests-1] INFO  testCases.TC_002_Login - Clicked on Login 
12:58:08.703 [TestNG-tests-1] INFO  testCases.TC_002_Login - Provided Email 
12:58:08.813 [TestNG-tests-1] INFO  testCases.TC_002_Login - Provided Password 
12:58:09.263 [TestNG-tests-1] INFO  testCases.TC_002_Login - Clicked on Login
12:58:14.370 [TestNG-tests-1] INFO  testCases.TC_002_Login - Login Success 
12:58:14.370 [TestNG-tests-1] INFO  testCases.TC_002_Login -  Finished TC_002_Login 
12:58:14.378 [AsyncHttpClient-1-7] TRACE io.netty.handler.codec.http.websocketx.WebSocket08FrameEncoder - Encoding WebSocket Frame opCode=8 length=26
12:58:15.822 [TestNG-tests-1] INFO  testCases.TC_004Search - Launched chrome Browser
12:58:15.845 [TestNG-tests-1] INFO  testCases.TC_004Search -  Starting TC_004_Search 
12:58:16.456 [TestNG-tests-1] INFO  testCases.TC_004Search - Home Page Displayed 
12:58:18.807 [TestNG-tests-1] INFO  testCases.TC_004Search - Enter any Product
12:58:30.818 [TestNG-tests-1] ERROR testCases.TC_004Search - Search Success 
12:58:32.327 [TestNG-tests-1] INFO  testCases.TC_004Search -  Finished TC_004Search 
12:58:32.334 [AsyncHttpClient-1-2] TRACE io.netty.handler.codec.http.websocketx.WebSocket08FrameEncoder - Encoding WebSocket Frame opCode=8 length=26
12:58:33.697 [TestNG-tests-1] INFO  testCases.TC_005_Addcart - Launched chrome Browser
12:58:33.708 [TestNG-tests-1] INFO  testCases.TC_005_Addcart - Starting TC_005_Addcart
12:58:34.295 [TestNG-tests-1] INFO  testCases.TC_005_Addcart - Home Page Displayed 
12:58:37.601 [TestNG-tests-1] INFO  testCases.TC_005_Addcart - Enter any Product
12:58:41.145 [TestNG-tests-1] INFO  testCases.TC_005_Addcart - product displayed on HomePage
12:58:41.237 [TestNG-tests-1] INFO  testCases.TC_005_Addcart - product added to cart
12:58:46.376 [TestNG-tests-1] INFO  testCases.TC_005_Addcart - product added to viewcart
12:58:50.049 [TestNG-tests-1] INFO  testCases.TC_005_Addcart - product added to view
12:59:00.076 [TestNG-tests-1] ERROR testCases.TC_005_Addcart - Add cart  Page Failed 
12:59:01.431 [AsyncHttpClient-1-5] TRACE io.netty.handler.codec.http.websocketx.WebSocket08FrameEncoder - Encoding WebSocket Frame opCode=8 length=26
12:59:02.735 [TestNG-tests-1] INFO  testCases.TC_006_ProductCompare - Launched chrome Browser
12:59:02.754 [TestNG-tests-1] INFO  testCases.TC_006_ProductCompare - Strating TC_006_ProductCompare
12:59:03.340 [TestNG-tests-1] INFO  testCases.TC_006_ProductCompare - Home Page Displayed 
12:59:06.648 [TestNG-tests-1] INFO  testCases.TC_006_ProductCompare - Enter any Product
12:59:10.150 [TestNG-tests-1] INFO  testCases.TC_006_ProductCompare - product displayed on HomePage
12:59:13.257 [TestNG-tests-1] INFO  testCases.TC_006_ProductCompare - products comparing
12:59:16.879 [AsyncHttpClient-1-8] TRACE io.netty.handler.codec.http.websocketx.WebSocket08FrameEncoder - Encoding WebSocket Frame opCode=8 length=26
12:59:18.137 [TestNG-tests-1] INFO  testCases.TC_007_WishList - Launched chrome Browser
12:59:18.147 [TestNG-tests-1] INFO  testCases.TC_007_WishList - Starting TC_007_WishList
12:59:18.760 [TestNG-tests-1] INFO  testCases.TC_007_WishList - Home Page Displayed 
12:59:21.107 [TestNG-tests-1] INFO  testCases.TC_007_WishList - Enter any Product
12:59:31.549 [TestNG-tests-1] INFO  testCases.TC_007_WishList - Provided Email 
12:59:31.660 [TestNG-tests-1] INFO  testCases.TC_007_WishList - Provided Password 
12:59:32.206 [TestNG-tests-1] INFO  testCases.TC_007_WishList - Clicked on Login
12:59:42.345 [TestNG-tests-1] ERROR testCases.TC_007_WishList - Search Success 
12:59:43.648 [TestNG-tests-1] INFO  testCases.TC_007_WishList -  Finished TC_007_WishList 
12:59:43.664 [AsyncHttpClient-1-3] TRACE io.netty.handler.codec.http.websocketx.WebSocket08FrameEncoder - Encoding WebSocket Frame opCode=8 length=26
12:59:44.859 [TestNG-tests-1] INFO  testCases.TC_008_ProductDisplayPage - Launched chrome Browser
12:59:44.873 [TestNG-tests-1] INFO  testCases.TC_008_ProductDisplayPage - Starting TC_008_ProductDisplayPage
12:59:45.455 [TestNG-tests-1] INFO  testCases.TC_008_ProductDisplayPage - Home Page Displayed 
12:59:47.759 [TestNG-tests-1] INFO  testCases.TC_008_ProductDisplayPage - Enter any Product
12:59:49.283 [TestNG-tests-1] INFO  testCases.TC_008_ProductDisplayPage - click the search button
12:59:52.420 [TestNG-tests-1] INFO  testCases.TC_008_ProductDisplayPage - click the image
12:59:55.746 [TestNG-tests-1] INFO  testCases.TC_008_ProductDisplayPage - click the Product
12:59:55.867 [TestNG-tests-1] INFO  testCases.TC_008_ProductDisplayPage - click the Product Review
12:59:58.938 [TestNG-tests-1] INFO  testCases.TC_008_ProductDisplayPage - ProductDisplayPage  success 
12:59:58.938 [TestNG-tests-1] INFO  testCases.TC_008_ProductDisplayPage -  Finished TC_008_ProductDisplayPage
12:59:58.944 [AsyncHttpClient-1-6] TRACE io.netty.handler.codec.http.websocketx.WebSocket08FrameEncoder - Encoding WebSocket Frame opCode=8 length=26
13:00:00.404 [TestNG-tests-1] INFO  testCases.TC_009_ForgotPassword - Launched chrome Browser
13:00:00.417 [TestNG-tests-1] INFO  testCases.TC_009_ForgotPassword - Starting TC_009_ForgotPassword
13:00:01.007 [TestNG-tests-1] INFO  testCases.TC_009_ForgotPassword - Home Page Displayed 
13:00:01.281 [TestNG-tests-1] INFO  testCases.TC_009_ForgotPassword - Clicked on My Account 
13:00:01.666 [TestNG-tests-1] INFO  testCases.TC_009_ForgotPassword - Clicked on Login 
13:00:01.865 [TestNG-tests-1] INFO  testCases.TC_009_ForgotPassword - Provided Email 
13:00:05.450 [TestNG-tests-1] INFO  testCases.TC_009_ForgotPassword - Provided confirmation email
13:00:07.799 [TestNG-tests-1] INFO  testCases.TC_009_ForgotPassword - Finished TC_009_ForgotPassword
13:00:10.819 [AsyncHttpClient-1-9] TRACE io.netty.handler.codec.http.websocketx.WebSocket08FrameEncoder - Encoding WebSocket Frame opCode=8 length=26
13:00:12.292 [TestNG-tests-1] INFO  testCases.TC_010_ShoppingCart - Launched chrome Browser
13:00:12.307 [TestNG-tests-1] INFO  testCases.TC_010_ShoppingCart - Starting TC_010_ShoppingCart
13:00:12.946 [TestNG-tests-1] INFO  testCases.TC_010_ShoppingCart - Home Page Displayed 
13:00:13.242 [TestNG-tests-1] INFO  testCases.TC_010_ShoppingCart - Search iMac is  Displayed 
13:00:13.791 [TestNG-tests-1] INFO  testCases.TC_010_ShoppingCart - Search Button clicked 
13:00:16.902 [TestNG-tests-1] INFO  testCases.TC_010_ShoppingCart - Add to Cart clicked 
13:00:22.524 [TestNG-tests-1] INFO  testCases.TC_010_ShoppingCart - Shopping Cart clicked 
13:00:27.684 [TestNG-tests-1] INFO  testCases.TC_010_ShoppingCart - Use Coupon Code Clicked
13:00:29.858 [TestNG-tests-1] INFO  testCases.TC_010_ShoppingCart - Entered Use Coupon Code 
13:00:29.969 [TestNG-tests-1] INFO  testCases.TC_010_ShoppingCart - Estimated Shipping and Taxes clicked
13:00:31.142 [TestNG-tests-1] INFO  testCases.TC_010_ShoppingCart - Selected Country
13:00:34.280 [TestNG-tests-1] INFO  testCases.TC_010_ShoppingCart - Selected State
13:00:35.414 [TestNG-tests-1] INFO  testCases.TC_010_ShoppingCart - Selected PostCode
13:00:36.557 [TestNG-tests-1] INFO  testCases.TC_010_ShoppingCart - Get Quotes button clicked
13:00:36.764 [TestNG-tests-1] INFO  testCases.TC_010_ShoppingCart - Selected Radio button
13:00:37.892 [TestNG-tests-1] INFO  testCases.TC_010_ShoppingCart - Clicked Apply Shippiment
13:00:43.014 [TestNG-tests-1] INFO  testCases.TC_010_ShoppingCart - Selected Use Gift Certificate
13:00:43.185 [TestNG-tests-1] INFO  testCases.TC_010_ShoppingCart - Entered Gift certificate cade entered in the text box
13:00:44.316 [TestNG-tests-1] INFO  testCases.TC_010_ShoppingCart - clicked Entered Apply Gift Certificate
13:00:45.762 [TestNG-tests-1] INFO  testCases.TC_010_ShoppingCart - click on Continue Shopping
13:00:48.768 [AsyncHttpClient-1-4] TRACE io.netty.handler.codec.http.websocketx.WebSocket08FrameEncoder - Encoding WebSocket Frame opCode=8 length=26
13:00:50.074 [TestNG-tests-1] INFO  testCases.TC_011_Checkout - Launched chrome Browser
13:00:50.082 [TestNG-tests-1] INFO  testCases.TC_011_Checkout -  Starting TC_004_Search 
13:00:50.682 [TestNG-tests-1] INFO  testCases.TC_011_Checkout - Home Page Displayed 
13:00:52.983 [TestNG-tests-1] INFO  testCases.TC_011_Checkout - Enter any Product
13:00:53.582 [TestNG-tests-1] INFO  testCases.TC_011_Checkout - click on the search button
13:00:54.675 [TestNG-tests-1] INFO  testCases.TC_011_Checkout - click on the add to cart button
13:00:55.753 [TestNG-tests-1] INFO  testCases.TC_011_Checkout - click on the view cart
13:00:59.196 [TestNG-tests-1] INFO  testCases.TC_011_Checkout - click on the shopping cart
13:01:02.771 [TestNG-tests-1] INFO  testCases.TC_011_Checkout - click on the Checkout
13:01:13.830 [TestNG-tests-1] ERROR testCases.TC_011_Checkout - Checkout Success 
13:01:13.830 [TestNG-tests-1] INFO  testCases.TC_011_Checkout -  Finished TC_011_Checkout 
13:01:13.845 [AsyncHttpClient-1-7] TRACE io.netty.handler.codec.http.websocketx.WebSocket08FrameEncoder - Encoding WebSocket Frame opCode=8 length=26
13:01:15.088 [TestNG-tests-1] INFO  testCases.TC_012_MyAccount - Launched chrome Browser
13:01:15.097 [TestNG-tests-1] INFO  testCases.TC_012_MyAccount -  Starting TC_012_MyAccount 
13:01:15.688 [TestNG-tests-1] INFO  testCases.TC_012_MyAccount - Home Page Displayed 
13:01:15.963 [TestNG-tests-1] INFO  testCases.TC_012_MyAccount - Clicked on My Account 
13:01:16.350 [TestNG-tests-1] INFO  testCases.TC_012_MyAccount - Clicked on Login 
13:01:16.515 [TestNG-tests-1] INFO  testCases.TC_012_MyAccount - Provided Email 
13:01:16.618 [TestNG-tests-1] INFO  testCases.TC_012_MyAccount - Provided Password 
13:01:17.105 [TestNG-tests-1] INFO  testCases.TC_012_MyAccount - Clicked on Login
13:01:20.196 [TestNG-tests-1] INFO  testCases.TC_012_MyAccount - Click on MyAccount
13:01:20.642 [TestNG-tests-1] INFO  testCases.TC_012_MyAccount - Click on OrderHistory 
13:01:23.724 [TestNG-tests-1] INFO  testCases.TC_012_MyAccount - Click on MyAccount
13:01:27.166 [TestNG-tests-1] INFO  testCases.TC_012_MyAccount - Click on LogOut
13:01:27.641 [TestNG-tests-1] INFO  testCases.TC_012_MyAccount - Click on SiteMap Link
13:01:30.651 [TestNG-tests-1] INFO  testCases.TC_012_MyAccount - Finished TC_012_MyAccount
13:01:30.651 [AsyncHttpClient-1-2] TRACE io.netty.handler.codec.http.websocketx.WebSocket08FrameEncoder - Encoding WebSocket Frame opCode=8 length=26
13:01:31.873 [TestNG-tests-1] INFO  testCases.TC_013_MyAccountInformation - Launched chrome Browser
13:01:31.883 [TestNG-tests-1] INFO  testCases.TC_013_MyAccountInformation -  Starting TC_013_MyAccountInformation 
13:01:32.481 [TestNG-tests-1] INFO  testCases.TC_013_MyAccountInformation - Home Page Displayed 
13:01:32.740 [TestNG-tests-1] INFO  testCases.TC_013_MyAccountInformation - Clicked on My Account 
13:01:33.098 [TestNG-tests-1] INFO  testCases.TC_013_MyAccountInformation - Clicked on Login 
13:01:33.260 [TestNG-tests-1] INFO  testCases.TC_013_MyAccountInformation - Provided Email 
13:01:33.366 [TestNG-tests-1] INFO  testCases.TC_013_MyAccountInformation - Provided Password 
13:01:33.805 [TestNG-tests-1] INFO  testCases.TC_013_MyAccountInformation - Clicked on Login
13:01:37.345 [TestNG-tests-1] INFO  testCases.TC_013_MyAccountInformation - Click on Edit Your Account Infomation
13:01:40.535 [TestNG-tests-1] INFO  testCases.TC_013_MyAccountInformation - Edit Telephone number
13:01:43.566 [TestNG-tests-1] INFO  testCases.TC_013_MyAccountInformation - Finished TC_013_MyAccountInformation
13:01:43.566 [AsyncHttpClient-1-5] TRACE io.netty.handler.codec.http.websocketx.WebSocket08FrameEncoder - Encoding WebSocket Frame opCode=8 length=26
13:01:44.883 [TestNG-tests-1] INFO  testCases.TC_014_ChangePassword - Launched chrome Browser
13:01:44.894 [TestNG-tests-1] INFO  testCases.TC_014_ChangePassword -  Starting TC_013_MyAccountInformation 
13:01:45.460 [TestNG-tests-1] INFO  testCases.TC_014_ChangePassword - Home Page Displayed 
13:01:45.746 [TestNG-tests-1] INFO  testCases.TC_014_ChangePassword - Clicked on My Account 
13:01:46.119 [TestNG-tests-1] INFO  testCases.TC_014_ChangePassword - Clicked on Login 
13:01:46.281 [TestNG-tests-1] INFO  testCases.TC_014_ChangePassword - Provided Email 
13:01:46.384 [TestNG-tests-1] INFO  testCases.TC_014_ChangePassword - Provided Password 
13:01:46.799 [TestNG-tests-1] INFO  testCases.TC_014_ChangePassword - Clicked on Login
13:01:56.686 [TestNG-tests-1] INFO  testCases.TC_014_ChangePassword - Home Page Displayed
13:01:59.703 [AsyncHttpClient-1-8] TRACE io.netty.handler.codec.http.websocketx.WebSocket08FrameEncoder - Encoding WebSocket Frame opCode=8 length=26
13:02:01.025 [TestNG-tests-1] INFO  testCases.TC_015_AddressBook - Launched chrome Browser
13:02:01.038 [TestNG-tests-1] INFO  testCases.TC_015_AddressBook -  Starting TC_015_AddressBook
13:02:01.706 [TestNG-tests-1] INFO  testCases.TC_015_AddressBook - Home Page Displayed 
13:02:01.998 [TestNG-tests-1] INFO  testCases.TC_015_AddressBook - Clicked on My Account 
13:02:02.363 [TestNG-tests-1] INFO  testCases.TC_015_AddressBook - Clicked on Login 
13:02:02.516 [TestNG-tests-1] INFO  testCases.TC_015_AddressBook - Provided Email 
13:02:02.618 [TestNG-tests-1] INFO  testCases.TC_015_AddressBook - Provided Password 
13:02:03.068 [TestNG-tests-1] INFO  testCases.TC_015_AddressBook - Clicked on Login
13:02:06.523 [TestNG-tests-1] INFO  testCases.TC_015_AddressBook - click on AddressBook
13:02:10.126 [TestNG-tests-1] INFO  testCases.TC_015_AddressBook - click on new AddressBook
13:02:10.520 [TestNG-tests-1] INFO  testCases.TC_015_AddressBook - Click on Back Button
13:02:13.533 [TestNG-tests-1] INFO  testCases.TC_015_AddressBook - Finished TC_015_AddressBook
13:02:13.547 [AsyncHttpClient-1-3] TRACE io.netty.handler.codec.http.websocketx.WebSocket08FrameEncoder - Encoding WebSocket Frame opCode=8 length=26
13:02:14.788 [TestNG-tests-1] INFO  testCases.TC_016_OderHistory - Launched chrome Browser
13:02:14.810 [TestNG-tests-1] INFO  testCases.TC_016_OderHistory -  Starting TC_016_OrderHistory
13:02:15.392 [TestNG-tests-1] INFO  testCases.TC_016_OderHistory - Home Page Displayed 
13:02:15.676 [TestNG-tests-1] INFO  testCases.TC_016_OderHistory - Clicked on My Account 
13:02:16.035 [TestNG-tests-1] INFO  testCases.TC_016_OderHistory - Clicked on Login 
13:02:16.197 [TestNG-tests-1] INFO  testCases.TC_016_OderHistory - Provided Email 
13:02:16.298 [TestNG-tests-1] INFO  testCases.TC_016_OderHistory - Provided Password 
13:02:16.778 [TestNG-tests-1] INFO  testCases.TC_016_OderHistory - Clicked on Login
13:02:20.146 [TestNG-tests-1] INFO  testCases.TC_016_OderHistory - Clicked on Order History
13:02:23.162 [TestNG-tests-1] INFO  testCases.TC_016_OderHistory - Finished TC_016_OrderHistory
13:02:23.178 [AsyncHttpClient-1-6] TRACE io.netty.handler.codec.http.websocketx.WebSocket08FrameEncoder - Encoding WebSocket Frame opCode=8 length=26
13:02:24.449 [TestNG-tests-1] INFO  testCases.TC_017_Downloads - Launched chrome Browser
13:02:24.466 [TestNG-tests-1] INFO  testCases.TC_017_Downloads -  Starting TC_016_OrderHistory
13:02:25.061 [TestNG-tests-1] INFO  testCases.TC_017_Downloads - Home Page Displayed 
13:02:25.347 [TestNG-tests-1] INFO  testCases.TC_017_Downloads - Clicked on My Account 
13:02:25.712 [TestNG-tests-1] INFO  testCases.TC_017_Downloads - Clicked on Login 
13:02:25.869 [TestNG-tests-1] INFO  testCases.TC_017_Downloads - Provided Email 
13:02:25.973 [TestNG-tests-1] INFO  testCases.TC_017_Downloads - Provided Password 
13:02:26.375 [TestNG-tests-1] INFO  testCases.TC_017_Downloads - Clicked on Login
13:02:29.837 [TestNG-tests-1] INFO  testCases.TC_017_Downloads - Clicked on Site Map
13:02:30.253 [TestNG-tests-1] INFO  testCases.TC_017_Downloads - Clicked on Download
13:02:33.265 [TestNG-tests-1] INFO  testCases.TC_017_Downloads - Finished TC_017_Downloads
13:02:33.265 [AsyncHttpClient-1-9] TRACE io.netty.handler.codec.http.websocketx.WebSocket08FrameEncoder - Encoding WebSocket Frame opCode=8 length=26
13:02:34.605 [TestNG-tests-1] INFO  testCases.TC_018_RewardPoints - Launched chrome Browser
13:02:34.632 [TestNG-tests-1] INFO  testCases.TC_018_RewardPoints -  Starting TC_016_OrderHistory
13:02:35.254 [TestNG-tests-1] INFO  testCases.TC_018_RewardPoints - Home Page Displayed 
13:02:35.541 [TestNG-tests-1] INFO  testCases.TC_018_RewardPoints - Clicked on My Account 
13:02:35.919 [TestNG-tests-1] INFO  testCases.TC_018_RewardPoints - Clicked on Login 
13:02:36.084 [TestNG-tests-1] INFO  testCases.TC_018_RewardPoints - Provided Email 
13:02:36.196 [TestNG-tests-1] INFO  testCases.TC_018_RewardPoints - Provided Password 
13:02:36.664 [TestNG-tests-1] INFO  testCases.TC_018_RewardPoints - Clicked on Login
13:02:43.121 [TestNG-tests-1] INFO  testCases.TC_018_RewardPoints - Click on  RewardPoints
13:02:43.121 [TestNG-tests-1] INFO  testCases.TC_018_RewardPoints - Finished TC_018_RewardPoints
13:02:43.125 [AsyncHttpClient-1-4] TRACE io.netty.handler.codec.http.websocketx.WebSocket08FrameEncoder - Encoding WebSocket Frame opCode=8 length=26
13:02:44.318 [TestNG-tests-1] INFO  testCases.TC_019_Returns - Launched chrome Browser
13:02:44.326 [TestNG-tests-1] INFO  testCases.TC_019_Returns -  Starting TC_016_OrderHistory
13:02:44.954 [TestNG-tests-1] INFO  testCases.TC_019_Returns - Home Page Displayed 
13:02:45.234 [TestNG-tests-1] INFO  testCases.TC_019_Returns - Clicked on My Account 
13:02:45.601 [TestNG-tests-1] INFO  testCases.TC_019_Returns - Clicked on Login 
13:02:45.760 [TestNG-tests-1] INFO  testCases.TC_019_Returns - Provided Email 
13:02:45.867 [TestNG-tests-1] INFO  testCases.TC_019_Returns - Provided Password 
13:02:46.263 [TestNG-tests-1] INFO  testCases.TC_019_Returns - Clicked on Login
13:02:52.745 [TestNG-tests-1] INFO  testCases.TC_019_Returns - Click on Returns
13:02:52.747 [TestNG-tests-1] INFO  testCases.TC_019_Returns - Finished TC_019_Returns
13:02:52.753 [AsyncHttpClient-1-7] TRACE io.netty.handler.codec.http.websocketx.WebSocket08FrameEncoder - Encoding WebSocket Frame opCode=8 length=26
13:02:53.872 [TestNG-tests-1] INFO  testCases.TC_020_Transections - Launched chrome Browser
13:02:53.880 [TestNG-tests-1] INFO  testCases.TC_020_Transections -  Starting TC_016_OrderHistory
13:02:54.456 [TestNG-tests-1] INFO  testCases.TC_020_Transections - Home Page Displayed 
13:02:54.724 [TestNG-tests-1] INFO  testCases.TC_020_Transections - Clicked on My Account 
13:02:55.123 [TestNG-tests-1] INFO  testCases.TC_020_Transections - Clicked on Login 
13:02:55.288 [TestNG-tests-1] INFO  testCases.TC_020_Transections - Provided Email 
13:02:55.390 [TestNG-tests-1] INFO  testCases.TC_020_Transections - Provided Password 
13:02:55.856 [TestNG-tests-1] INFO  testCases.TC_020_Transections - Clicked on Login
13:02:59.298 [TestNG-tests-1] INFO  testCases.TC_020_Transections - Clicked on Transections
13:03:02.317 [TestNG-tests-1] INFO  testCases.TC_020_Transections - Finished TC_020_Transections
13:03:02.320 [AsyncHttpClient-1-2] TRACE io.netty.handler.codec.http.websocketx.WebSocket08FrameEncoder - Encoding WebSocket Frame opCode=8 length=26
13:03:03.435 [TestNG-tests-1] INFO  testCases.TC_021_RecurringPayment - Launched chrome Browser
13:03:03.443 [TestNG-tests-1] INFO  testCases.TC_021_RecurringPayment -  Starting TC_021_RecurringPayment
13:03:04.021 [TestNG-tests-1] INFO  testCases.TC_021_RecurringPayment - Home Page Displayed 
13:03:04.306 [TestNG-tests-1] INFO  testCases.TC_021_RecurringPayment - Clicked on My Account 
13:03:04.679 [TestNG-tests-1] INFO  testCases.TC_021_RecurringPayment - Clicked on Login 
13:03:04.837 [TestNG-tests-1] INFO  testCases.TC_021_RecurringPayment - Provided Email 
13:03:04.938 [TestNG-tests-1] INFO  testCases.TC_021_RecurringPayment - Provided Password 
13:03:05.374 [TestNG-tests-1] INFO  testCases.TC_021_RecurringPayment - Clicked on Login
13:03:08.815 [TestNG-tests-1] INFO  testCases.TC_021_RecurringPayment - Clicked on Recurring Payement
13:03:11.826 [TestNG-tests-1] INFO  testCases.TC_021_RecurringPayment - Finished TC_021_RecurringPayment
13:03:11.831 [AsyncHttpClient-1-5] TRACE io.netty.handler.codec.http.websocketx.WebSocket08FrameEncoder - Encoding WebSocket Frame opCode=8 length=26
13:03:12.985 [TestNG-tests-1] INFO  testCases.TC_022_Newsletter - Launched chrome Browser
13:03:12.991 [TestNG-tests-1] INFO  testCases.TC_022_Newsletter -  Starting TC_022_NewsLetter
13:03:13.573 [TestNG-tests-1] INFO  testCases.TC_022_Newsletter - Home Page Displayed 
13:03:13.842 [TestNG-tests-1] INFO  testCases.TC_022_Newsletter - Clicked on My Account 
13:03:14.219 [TestNG-tests-1] INFO  testCases.TC_022_Newsletter - Clicked on Login 
13:03:14.396 [TestNG-tests-1] INFO  testCases.TC_022_Newsletter - Provided Email 
13:03:14.508 [TestNG-tests-1] INFO  testCases.TC_022_Newsletter - Provided Password 
13:03:14.939 [TestNG-tests-1] INFO  testCases.TC_022_Newsletter - Clicked on Login
13:03:21.329 [TestNG-tests-1] INFO  testCases.TC_022_Newsletter - Clicked on NewsLetter
13:03:24.425 [TestNG-tests-1] INFO  testCases.TC_022_Newsletter - Clicked on NewsLetter radio button
13:03:27.936 [TestNG-tests-1] INFO  testCases.TC_022_Newsletter - Clicked on Contionue Button
13:03:27.936 [TestNG-tests-1] INFO  testCases.TC_022_Newsletter - Finished TC_022_News Letter
13:03:27.951 [AsyncHttpClient-1-8] TRACE io.netty.handler.codec.http.websocketx.WebSocket08FrameEncoder - Encoding WebSocket Frame opCode=8 length=26
13:03:29.082 [TestNG-tests-1] INFO  testCases.TC_023_Affiliate - Launched chrome Browser
13:03:29.091 [TestNG-tests-1] INFO  testCases.TC_023_Affiliate -  Starting TC_023_Affiliate
13:03:29.669 [TestNG-tests-1] INFO  testCases.TC_023_Affiliate - Home Page Displayed 
13:03:29.950 [TestNG-tests-1] INFO  testCases.TC_023_Affiliate - Clicked on My Account 
13:03:30.323 [TestNG-tests-1] INFO  testCases.TC_023_Affiliate - Clicked on Login 
13:03:30.486 [TestNG-tests-1] INFO  testCases.TC_023_Affiliate - Provided Email 
13:03:30.590 [TestNG-tests-1] INFO  testCases.TC_023_Affiliate - Provided Password 
13:03:31.054 [TestNG-tests-1] INFO  testCases.TC_023_Affiliate - Clicked on Login
13:03:44.135 [AsyncHttpClient-1-3] TRACE io.netty.handler.codec.http.websocketx.WebSocket08FrameEncoder - Encoding WebSocket Frame opCode=8 length=26
13:03:45.209 [TestNG-tests-1] INFO  testCases.TC_024_ContactUs - Launched chrome Browser
13:03:45.220 [TestNG-tests-1] INFO  testCases.TC_024_ContactUs -  Starting TC_015_AddressBook
13:03:45.999 [TestNG-tests-1] INFO  testCases.TC_024_ContactUs - Home Page Displayed 
13:03:46.273 [TestNG-tests-1] INFO  testCases.TC_024_ContactUs - Clicked on My Account 
13:03:46.632 [TestNG-tests-1] INFO  testCases.TC_024_ContactUs - Clicked on Login 
13:03:46.793 [TestNG-tests-1] INFO  testCases.TC_024_ContactUs - Provided Email 
13:03:46.897 [TestNG-tests-1] INFO  testCases.TC_024_ContactUs - Provided Password 
13:03:47.293 [TestNG-tests-1] INFO  testCases.TC_024_ContactUs - Clicked on Login
13:03:50.797 [TestNG-tests-1] INFO  testCases.TC_024_ContactUs - click on Contact Us Link
13:03:52.967 [TestNG-tests-1] INFO  testCases.TC_024_ContactUs - Entered Enquiry Message
13:03:57.508 [TestNG-tests-1] INFO  testCases.TC_024_ContactUs - click on Submit Button
13:03:59.524 [TestNG-tests-1] INFO  testCases.TC_024_ContactUs - Finished TC_024_CotactUs
13:03:59.534 [AsyncHttpClient-1-6] TRACE io.netty.handler.codec.http.websocketx.WebSocket08FrameEncoder - Encoding WebSocket Frame opCode=8 length=26
